122.34.175.83 -  -  [02/11/2013:07:31:40 +0000] "GET /solr/fp/admin/ HTTP/1.1" 200 3887 
122.34.175.83 -  -  [02/11/2013:07:31:41 +0000] "GET /solr/fp/admin/solr-admin.css HTTP/1.1" 200 3846 
122.34.175.83 -  -  [02/11/2013:07:31:41 +0000] "GET /solr/fp/admin/solr_small.png HTTP/1.1" 200 7926 
122.34.175.83 -  -  [02/11/2013:07:31:41 +0000] "GET /solr/fp/admin/favicon.ico HTTP/1.1" 200 1146 
0:0:0:0:0:0:0:1 -  -  [02/11/2013:15:43:26 +0000] "POST /solr/fp/select HTTP/1.1" 200 424 
0:0:0:0:0:0:0:1 -  -  [02/11/2013:15:43:26 +0000] "POST /solr/fp/select HTTP/1.1" 200 490 
0:0:0:0:0:0:0:1 -  -  [02/11/2013:15:49:07 +0000] "POST /solr/fp/select HTTP/1.1" 200 424 
0:0:0:0:0:0:0:1 -  -  [02/11/2013:15:49:07 +0000] "POST /solr/fp/select HTTP/1.1" 200 490 
0:0:0:0:0:0:0:1 -  -  [02/11/2013:17:17:07 +0000] "POST /solr/fp/select HTTP/1.1" 200 424 
0:0:0:0:0:0:0:1 -  -  [02/11/2013:17:17:07 +0000] "POST /solr/fp/select HTTP/1.1" 200 490 
0:0:0:0:0:0:0:1 -  -  [02/11/2013:17:21:26 +0000] "POST /solr/fp/select HTTP/1.1" 200 423 
0:0:0:0:0:0:0:1 -  -  [02/11/2013:17:21:26 +0000] "POST /solr/fp/select HTTP/1.1" 200 490 
0:0:0:0:0:0:0:1 -  -  [02/11/2013:17:25:43 +0000] "POST /solr/fp/select HTTP/1.1" 200 424 
0:0:0:0:0:0:0:1 -  -  [02/11/2013:17:25:43 +0000] "POST /solr/fp/select HTTP/1.1" 200 490 
0:0:0:0:0:0:0:1 -  -  [02/11/2013:17:30:46 +0000] "POST /solr/fp/select HTTP/1.1" 200 423 
0:0:0:0:0:0:0:1 -  -  [02/11/2013:17:30:46 +0000] "POST /solr/fp/select HTTP/1.1" 200 490 
0:0:0:0:0:0:0:1 -  -  [02/11/2013:17:40:14 +0000] "POST /solr/fp/select HTTP/1.1" 200 424 
0:0:0:0:0:0:0:1 -  -  [02/11/2013:17:40:14 +0000] "POST /solr/fp/select HTTP/1.1" 200 490 
0:0:0:0:0:0:0:1 -  -  [02/11/2013:17:43:02 +0000] "POST /solr/fp/select HTTP/1.1" 200 424 
0:0:0:0:0:0:0:1 -  -  [02/11/2013:17:43:02 +0000] "POST /solr/fp/select HTTP/1.1" 200 490 
0:0:0:0:0:0:0:1 -  -  [02/11/2013:17:45:28 +0000] "POST /solr/fp/select HTTP/1.1" 200 423 
0:0:0:0:0:0:0:1 -  -  [02/11/2013:17:45:28 +0000] "POST /solr/fp/select HTTP/1.1" 200 490 
0:0:0:0:0:0:0:1 -  -  [02/11/2013:18:00:18 +0000] "POST /solr/fp/select HTTP/1.1" 200 423 
0:0:0:0:0:0:0:1 -  -  [02/11/2013:18:00:18 +0000] "POST /solr/fp/select HTTP/1.1" 200 490 
0:0:0:0:0:0:0:1 -  -  [02/11/2013:18:11:29 +0000] "POST /solr/fp/select HTTP/1.1" 200 423 
0:0:0:0:0:0:0:1 -  -  [02/11/2013:18:11:29 +0000] "POST /solr/fp/select HTTP/1.1" 200 490 
0:0:0:0:0:0:0:1 -  -  [02/11/2013:18:12:28 +0000] "POST /solr/fp/select HTTP/1.1" 200 423 
0:0:0:0:0:0:0:1 -  -  [02/11/2013:18:12:28 +0000] "POST /solr/fp/select HTTP/1.1" 200 490 
0:0:0:0:0:0:0:1 -  -  [02/11/2013:18:21:12 +0000] "POST /solr/fp/select HTTP/1.1" 200 423 
0:0:0:0:0:0:0:1 -  -  [02/11/2013:18:21:12 +0000] "POST /solr/fp/select HTTP/1.1" 200 490 
0:0:0:0:0:0:0:1 -  -  [02/11/2013:18:44:40 +0000] "POST /solr/fp/select HTTP/1.1" 200 423 
0:0:0:0:0:0:0:1 -  -  [02/11/2013:18:44:40 +0000] "POST /solr/fp/select HTTP/1.1" 200 490 
0:0:0:0:0:0:0:1 -  -  [02/11/2013:18:46:19 +0000] "POST /solr/fp/select HTTP/1.1" 200 423 
0:0:0:0:0:0:0:1 -  -  [02/11/2013:18:46:20 +0000] "POST /solr/fp/select HTTP/1.1" 200 490 
0:0:0:0:0:0:0:1 -  -  [02/11/2013:18:50:13 +0000] "POST /solr/fp/select HTTP/1.1" 200 423 
0:0:0:0:0:0:0:1 -  -  [02/11/2013:18:50:13 +0000] "POST /solr/fp/select HTTP/1.1" 200 490 
0:0:0:0:0:0:0:1 -  -  [02/11/2013:18:57:20 +0000] "POST /solr/fp/select HTTP/1.1" 200 423 
0:0:0:0:0:0:0:1 -  -  [02/11/2013:18:57:20 +0000] "POST /solr/fp/select HTTP/1.1" 200 490 
0:0:0:0:0:0:0:1 -  -  [02/11/2013:18:59:02 +0000] "POST /solr/fp/select HTTP/1.1" 200 423 
0:0:0:0:0:0:0:1 -  -  [02/11/2013:18:59:02 +0000] "POST /solr/fp/select HTTP/1.1" 200 490 
0:0:0:0:0:0:0:1 -  -  [02/11/2013:19:03:13 +0000] "POST /solr/fp/select HTTP/1.1" 200 423 
0:0:0:0:0:0:0:1 -  -  [02/11/2013:19:03:13 +0000] "POST /solr/fp/select HTTP/1.1" 200 490 
0:0:0:0:0:0:0:1 -  -  [02/11/2013:19:06:51 +0000] "POST /solr/fp/select HTTP/1.1" 200 424 
0:0:0:0:0:0:0:1 -  -  [02/11/2013:19:06:51 +0000] "POST /solr/fp/select HTTP/1.1" 200 490 
0:0:0:0:0:0:0:1 -  -  [02/11/2013:19:11:04 +0000] "POST /solr/fp/select HTTP/1.1" 200 423 
0:0:0:0:0:0:0:1 -  -  [02/11/2013:19:11:04 +0000] "POST /solr/fp/select HTTP/1.1" 200 490 
0:0:0:0:0:0:0:1 -  -  [02/11/2013:19:13:18 +0000] "POST /solr/fp/select HTTP/1.1" 200 423 
0:0:0:0:0:0:0:1 -  -  [02/11/2013:19:13:18 +0000] "POST /solr/fp/select HTTP/1.1" 200 490 
