0:0:0:0:0:0:0:1 -  -  [03/11/2013:13:15:13 +0000] "POST /solr/fp/select HTTP/1.1" 200 418 
0:0:0:0:0:0:0:1 -  -  [03/11/2013:13:15:13 +0000] "POST /solr/fp/select HTTP/1.1" 200 500 
0:0:0:0:0:0:0:1 -  -  [03/11/2013:13:15:41 +0000] "POST /solr/fp/select HTTP/1.1" 200 418 
0:0:0:0:0:0:0:1 -  -  [03/11/2013:13:16:05 +0000] "POST /solr/fp/select HTTP/1.1" 200 418 
0:0:0:0:0:0:0:1 -  -  [03/11/2013:13:16:14 +0000] "POST /solr/fp/select HTTP/1.1" 200 423 
0:0:0:0:0:0:0:1 -  -  [03/11/2013:13:16:14 +0000] "POST /solr/fp/select HTTP/1.1" 200 490 
0:0:0:0:0:0:0:1 -  -  [03/11/2013:13:16:28 +0000] "POST /solr/fp/select HTTP/1.1" 200 418 
0:0:0:0:0:0:0:1 -  -  [03/11/2013:17:06:48 +0000] "POST /solr/fp/select HTTP/1.1" 200 211 
0:0:0:0:0:0:0:1 -  -  [03/11/2013:17:06:48 +0000] "POST /solr/fp/select HTTP/1.1" 200 211 
0:0:0:0:0:0:0:1 -  -  [03/11/2013:17:53:06 +0000] "POST /solr/fp/select HTTP/1.1" 200 423 
0:0:0:0:0:0:0:1 -  -  [03/11/2013:17:53:06 +0000] "POST /solr/fp/select HTTP/1.1" 200 490 
0:0:0:0:0:0:0:1 -  -  [03/11/2013:17:53:41 +0000] "POST /solr/fp/select HTTP/1.1" 200 423 
0:0:0:0:0:0:0:1 -  -  [03/11/2013:17:53:41 +0000] "POST /solr/fp/select HTTP/1.1" 200 490 
0:0:0:0:0:0:0:1 -  -  [03/11/2013:17:54:09 +0000] "POST /solr/fp/select HTTP/1.1" 200 423 
0:0:0:0:0:0:0:1 -  -  [03/11/2013:17:54:09 +0000] "POST /solr/fp/select HTTP/1.1" 200 490 
0:0:0:0:0:0:0:1 -  -  [03/11/2013:17:54:41 +0000] "POST /solr/fp/select HTTP/1.1" 200 423 
0:0:0:0:0:0:0:1 -  -  [03/11/2013:17:54:41 +0000] "POST /solr/fp/select HTTP/1.1" 200 490 
0:0:0:0:0:0:0:1 -  -  [03/11/2013:17:55:33 +0000] "POST /solr/fp/select HTTP/1.1" 200 211 
0:0:0:0:0:0:0:1 -  -  [03/11/2013:17:56:09 +0000] "POST /solr/fp/select HTTP/1.1" 200 424 
0:0:0:0:0:0:0:1 -  -  [03/11/2013:17:56:09 +0000] "POST /solr/fp/select HTTP/1.1" 200 490 
0:0:0:0:0:0:0:1 -  -  [03/11/2013:17:56:58 +0000] "POST /solr/fp/select HTTP/1.1" 200 211 
122.34.175.83 -  -  [03/11/2013:17:58:40 +0000] "GET /solr/fp/admin/ HTTP/1.1" 200 3887 
122.34.175.83 -  -  [03/11/2013:17:58:40 +0000] "GET /solr/fp/admin/solr-admin.css HTTP/1.1" 200 3846 
122.34.175.83 -  -  [03/11/2013:17:58:40 +0000] "GET /solr/fp/admin/solr_small.png HTTP/1.1" 200 7926 
122.34.175.83 -  -  [03/11/2013:17:58:40 +0000] "GET /solr/fp/admin/favicon.ico HTTP/1.1" 200 1146 
0:0:0:0:0:0:0:1 -  -  [03/11/2013:18:02:44 +0000] "POST /solr/fp/select HTTP/1.1" 200 211 
0:0:0:0:0:0:0:1 -  -  [03/11/2013:18:44:09 +0000] "POST /solr/fp/select HTTP/1.1" 200 211 
0:0:0:0:0:0:0:1 -  -  [03/11/2013:18:54:14 +0000] "POST /solr/fp/select HTTP/1.1" 200 419 
0:0:0:0:0:0:0:1 -  -  [03/11/2013:18:54:37 +0000] "POST /solr/fp/select HTTP/1.1" 200 419 
0:0:0:0:0:0:0:1 -  -  [03/11/2013:19:02:49 +0000] "POST /solr/fp/select HTTP/1.1" 200 419 
0:0:0:0:0:0:0:1 -  -  [03/11/2013:19:44:00 +0000] "POST /solr/fp/select HTTP/1.1" 200 419 
0:0:0:0:0:0:0:1 -  -  [03/11/2013:19:49:09 +0000] "POST /solr/fp/select HTTP/1.1" 200 419 
0:0:0:0:0:0:0:1 -  -  [03/11/2013:19:53:37 +0000] "POST /solr/fp/select HTTP/1.1" 200 419 
0:0:0:0:0:0:0:1 -  -  [03/11/2013:20:03:25 +0000] "POST /solr/fp/select HTTP/1.1" 200 419 
0:0:0:0:0:0:0:1 -  -  [03/11/2013:20:05:29 +0000] "POST /solr/fp/select HTTP/1.1" 200 419 
0:0:0:0:0:0:0:1 -  -  [03/11/2013:20:09:24 +0000] "POST /solr/fp/select HTTP/1.1" 200 419 
0:0:0:0:0:0:0:1 -  -  [03/11/2013:20:12:32 +0000] "POST /solr/fp/select HTTP/1.1" 200 419 
0:0:0:0:0:0:0:1 -  -  [03/11/2013:20:15:29 +0000] "POST /solr/fp/select HTTP/1.1" 200 419 
0:0:0:0:0:0:0:1 -  -  [03/11/2013:20:39:37 +0000] "POST /solr/fp/select HTTP/1.1" 200 419 
0:0:0:0:0:0:0:1 -  -  [03/11/2013:20:48:16 +0000] "POST /solr/fp/select HTTP/1.1" 200 423 
0:0:0:0:0:0:0:1 -  -  [03/11/2013:20:48:16 +0000] "POST /solr/fp/select HTTP/1.1" 200 490 
0:0:0:0:0:0:0:1 -  -  [03/11/2013:20:49:11 +0000] "POST /solr/fp/select HTTP/1.1" 200 419 
0:0:0:0:0:0:0:1 -  -  [03/11/2013:20:50:12 +0000] "POST /solr/fp/select HTTP/1.1" 200 419 
0:0:0:0:0:0:0:1 -  -  [03/11/2013:20:52:33 +0000] "POST /solr/fp/select HTTP/1.1" 200 419 
0:0:0:0:0:0:0:1 -  -  [03/11/2013:20:53:02 +0000] "POST /solr/fp/select HTTP/1.1" 200 419 
0:0:0:0:0:0:0:1 -  -  [03/11/2013:21:00:01 +0000] "POST /solr/fp/select HTTP/1.1" 200 419 
0:0:0:0:0:0:0:1 -  -  [03/11/2013:21:01:59 +0000] "POST /solr/fp/select HTTP/1.1" 200 419 
0:0:0:0:0:0:0:1 -  -  [03/11/2013:21:03:47 +0000] "POST /solr/fp/select HTTP/1.1" 200 419 
0:0:0:0:0:0:0:1 -  -  [03/11/2013:21:08:04 +0000] "POST /solr/fp/select HTTP/1.1" 200 419 
0:0:0:0:0:0:0:1 -  -  [03/11/2013:21:08:32 +0000] "POST /solr/fp/select HTTP/1.1" 200 419 
0:0:0:0:0:0:0:1 -  -  [03/11/2013:21:11:22 +0000] "POST /solr/fp/select HTTP/1.1" 200 419 
0:0:0:0:0:0:0:1 -  -  [03/11/2013:21:17:23 +0000] "POST /solr/fp/select HTTP/1.1" 200 419 
0:0:0:0:0:0:0:1 -  -  [03/11/2013:21:17:52 +0000] "POST /solr/fp/select HTTP/1.1" 200 419 
0:0:0:0:0:0:0:1 -  -  [03/11/2013:21:21:00 +0000] "POST /solr/fp/select HTTP/1.1" 200 419 
0:0:0:0:0:0:0:1 -  -  [03/11/2013:21:23:24 +0000] "POST /solr/fp/select HTTP/1.1" 200 419 
0:0:0:0:0:0:0:1 -  -  [03/11/2013:21:23:54 +0000] "POST /solr/fp/select HTTP/1.1" 200 419 
0:0:0:0:0:0:0:1 -  -  [03/11/2013:21:35:08 +0000] "POST /solr/fp/select HTTP/1.1" 200 419 
0:0:0:0:0:0:0:1 -  -  [03/11/2013:21:35:45 +0000] "POST /solr/fp/select HTTP/1.1" 200 419 
0:0:0:0:0:0:0:1 -  -  [03/11/2013:21:41:58 +0000] "POST /solr/fp/select HTTP/1.1" 200 419 
0:0:0:0:0:0:0:1 -  -  [03/11/2013:21:42:23 +0000] "POST /solr/fp/select HTTP/1.1" 200 419 
