223.62.163.84 -  -  [27/10/2013:04:42:35 +0000] "GET / HTTP/1.1" 404 791 
223.62.163.84 -  -  [27/10/2013:04:42:36 +0000] "GET /favicon.ico HTTP/1.1" 200 1150 
223.62.163.84 -  -  [27/10/2013:04:42:37 +0000] "GET /solr HTTP/1.1" 302 0 
223.62.163.84 -  -  [27/10/2013:04:42:37 +0000] "GET /solr/ HTTP/1.1" 200 450 
223.62.163.84 -  -  [27/10/2013:04:42:38 +0000] "GET /solr/solr-admin.css HTTP/1.1" 404 1396 
223.62.163.84 -  -  [27/10/2013:04:42:38 +0000] "GET /solr/admin/solr_small.png HTTP/1.1" 200 7926 
223.62.163.84 -  -  [27/10/2013:04:42:38 +0000] "GET /solr/favicon.ico HTTP/1.1" 200 1146 
223.62.163.84 -  -  [27/10/2013:04:42:39 +0000] "GET /solr/fp/admin/ HTTP/1.1" 200 3887 
223.62.163.84 -  -  [27/10/2013:04:42:40 +0000] "GET /solr/fp/admin/solr-admin.css HTTP/1.1" 200 3846 
223.62.163.84 -  -  [27/10/2013:04:42:40 +0000] "GET /solr/fp/admin/solr_small.png HTTP/1.1" 200 7926 
223.62.163.84 -  -  [27/10/2013:04:42:40 +0000] "GET /solr/fp/admin/favicon.ico HTTP/1.1" 200 1146 
223.62.163.84 -  -  [27/10/2013:04:46:49 +0000] "GET /solr/fp/select/?q=solr&version=2.2&start=0&rows=10&indent=on HTTP/1.1" 200 376 
0:0:0:0:0:0:0:1 -  -  [27/10/2013:10:25:13 +0000] "POST /solr/fp/update HTTP/1.1" 200 147 
0:0:0:0:0:0:0:1 -  -  [27/10/2013:10:25:13 +0000] "POST /solr/fp/update HTTP/1.1" 200 148 
0:0:0:0:0:0:0:1 -  -  [27/10/2013:10:26:22 +0000] "POST /solr/fp/update HTTP/1.1" 200 147 
0:0:0:0:0:0:0:1 -  -  [27/10/2013:10:26:22 +0000] "POST /solr/fp/update HTTP/1.1" 200 147 
0:0:0:0:0:0:0:1 -  -  [27/10/2013:10:26:24 +0000] "POST /solr/fp/update HTTP/1.1" 200 147 
0:0:0:0:0:0:0:1 -  -  [27/10/2013:10:26:24 +0000] "POST /solr/fp/update HTTP/1.1" 200 148 
0:0:0:0:0:0:0:1 -  -  [27/10/2013:10:26:25 +0000] "POST /solr/fp/select HTTP/1.1" 200 432 
0:0:0:0:0:0:0:1 -  -  [27/10/2013:10:26:25 +0000] "POST /solr/fp/select HTTP/1.1" 200 590 
0:0:0:0:0:0:0:1 -  -  [27/10/2013:10:26:37 +0000] "POST /solr/fp/update HTTP/1.1" 200 147 
0:0:0:0:0:0:0:1 -  -  [27/10/2013:10:26:37 +0000] "POST /solr/fp/update HTTP/1.1" 200 148 
0:0:0:0:0:0:0:1 -  -  [27/10/2013:10:26:39 +0000] "POST /solr/fp/update HTTP/1.1" 200 147 
0:0:0:0:0:0:0:1 -  -  [27/10/2013:10:26:39 +0000] "POST /solr/fp/update HTTP/1.1" 200 148 
0:0:0:0:0:0:0:1 -  -  [27/10/2013:10:26:41 +0000] "POST /solr/fp/select HTTP/1.1" 200 432 
0:0:0:0:0:0:0:1 -  -  [27/10/2013:10:26:41 +0000] "POST /solr/fp/select HTTP/1.1" 200 590 
0:0:0:0:0:0:0:1 -  -  [27/10/2013:10:27:05 +0000] "POST /solr/fp/update HTTP/1.1" 200 147 
0:0:0:0:0:0:0:1 -  -  [27/10/2013:10:27:05 +0000] "POST /solr/fp/update HTTP/1.1" 200 148 
0:0:0:0:0:0:0:1 -  -  [27/10/2013:10:27:07 +0000] "POST /solr/fp/update HTTP/1.1" 200 147 
0:0:0:0:0:0:0:1 -  -  [27/10/2013:10:27:07 +0000] "POST /solr/fp/update HTTP/1.1" 200 148 
0:0:0:0:0:0:0:1 -  -  [27/10/2013:10:27:09 +0000] "POST /solr/fp/select HTTP/1.1" 200 431 
0:0:0:0:0:0:0:1 -  -  [27/10/2013:10:27:09 +0000] "POST /solr/fp/select HTTP/1.1" 200 590 
0:0:0:0:0:0:0:1 -  -  [27/10/2013:10:27:42 +0000] "POST /solr/fp/update HTTP/1.1" 200 147 
0:0:0:0:0:0:0:1 -  -  [27/10/2013:10:27:42 +0000] "POST /solr/fp/update HTTP/1.1" 200 147 
0:0:0:0:0:0:0:1 -  -  [27/10/2013:10:27:44 +0000] "POST /solr/fp/update HTTP/1.1" 200 147 
0:0:0:0:0:0:0:1 -  -  [27/10/2013:10:27:44 +0000] "POST /solr/fp/update HTTP/1.1" 200 148 
0:0:0:0:0:0:0:1 -  -  [27/10/2013:10:27:46 +0000] "POST /solr/fp/select HTTP/1.1" 200 533 
0:0:0:0:0:0:0:1 -  -  [27/10/2013:10:27:46 +0000] "POST /solr/fp/select HTTP/1.1" 200 590 
0:0:0:0:0:0:0:1 -  -  [27/10/2013:10:27:55 +0000] "POST /solr/fp/update HTTP/1.1" 200 147 
0:0:0:0:0:0:0:1 -  -  [27/10/2013:10:27:55 +0000] "POST /solr/fp/update HTTP/1.1" 200 147 
0:0:0:0:0:0:0:1 -  -  [27/10/2013:10:27:57 +0000] "POST /solr/fp/update HTTP/1.1" 200 147 
0:0:0:0:0:0:0:1 -  -  [27/10/2013:10:27:57 +0000] "POST /solr/fp/update HTTP/1.1" 200 148 
0:0:0:0:0:0:0:1 -  -  [27/10/2013:10:27:59 +0000] "POST /solr/fp/select HTTP/1.1" 200 636 
0:0:0:0:0:0:0:1 -  -  [27/10/2013:10:27:59 +0000] "POST /solr/fp/select HTTP/1.1" 200 590 
0:0:0:0:0:0:0:1 -  -  [27/10/2013:10:28:09 +0000] "POST /solr/fp/update HTTP/1.1" 200 147 
0:0:0:0:0:0:0:1 -  -  [27/10/2013:10:28:09 +0000] "POST /solr/fp/update HTTP/1.1" 200 148 
0:0:0:0:0:0:0:1 -  -  [27/10/2013:10:28:11 +0000] "POST /solr/fp/update HTTP/1.1" 200 147 
0:0:0:0:0:0:0:1 -  -  [27/10/2013:10:28:11 +0000] "POST /solr/fp/update HTTP/1.1" 200 148 
0:0:0:0:0:0:0:1 -  -  [27/10/2013:10:28:13 +0000] "POST /solr/fp/select HTTP/1.1" 200 738 
0:0:0:0:0:0:0:1 -  -  [27/10/2013:10:28:13 +0000] "POST /solr/fp/select HTTP/1.1" 200 590 
0:0:0:0:0:0:0:1 -  -  [27/10/2013:10:28:25 +0000] "POST /solr/fp/update HTTP/1.1" 200 147 
0:0:0:0:0:0:0:1 -  -  [27/10/2013:10:28:25 +0000] "POST /solr/fp/update HTTP/1.1" 200 148 
0:0:0:0:0:0:0:1 -  -  [27/10/2013:10:28:27 +0000] "POST /solr/fp/update HTTP/1.1" 200 147 
0:0:0:0:0:0:0:1 -  -  [27/10/2013:10:28:27 +0000] "POST /solr/fp/update HTTP/1.1" 200 148 
0:0:0:0:0:0:0:1 -  -  [27/10/2013:10:28:29 +0000] "POST /solr/fp/select HTTP/1.1" 200 842 
0:0:0:0:0:0:0:1 -  -  [27/10/2013:10:28:29 +0000] "POST /solr/fp/select HTTP/1.1" 200 588 
0:0:0:0:0:0:0:1 -  -  [27/10/2013:10:28:43 +0000] "POST /solr/fp/select HTTP/1.1" 200 838 
0:0:0:0:0:0:0:1 -  -  [27/10/2013:10:28:49 +0000] "POST /solr/fp/select HTTP/1.1" 200 842 
0:0:0:0:0:0:0:1 -  -  [27/10/2013:10:28:49 +0000] "POST /solr/fp/select HTTP/1.1" 200 588 
0:0:0:0:0:0:0:1 -  -  [27/10/2013:10:29:10 +0000] "POST /solr/fp/select HTTP/1.1" 200 842 
0:0:0:0:0:0:0:1 -  -  [27/10/2013:10:29:10 +0000] "POST /solr/fp/select HTTP/1.1" 200 588 
0:0:0:0:0:0:0:1 -  -  [27/10/2013:10:29:15 +0000] "POST /solr/fp/select HTTP/1.1" 200 842 
0:0:0:0:0:0:0:1 -  -  [27/10/2013:10:29:15 +0000] "POST /solr/fp/select HTTP/1.1" 200 588 
122.34.175.83 -  -  [27/10/2013:10:29:28 +0000] "GET /solr/fp/admin/ HTTP/1.1" 200 3887 
122.34.175.83 -  -  [27/10/2013:10:29:34 +0000] "GET /solr/fp/select/?q=*.*&version=2.2&start=0&rows=10&indent=on HTTP/1.1" 400 1507 
122.34.175.83 -  -  [27/10/2013:10:29:39 +0000] "GET /solr/fp/admin/form.jsp HTTP/1.1" 200 3135 
122.34.175.83 -  -  [27/10/2013:10:29:45 +0000] "GET /solr/fp/select?indent=on&version=2.2&q=00&fq=&start=0&rows=10&fl=*%2Cscore&qt=standard&wt=standard&explainOther=&hl.fl= HTTP/1.1" 200 554 
122.34.175.83 -  -  [27/10/2013:10:29:56 +0000] "GET /solr/fp/select/?q=00&version=2.2&start=0&rows=10&indent=on HTTP/1.1" 200 374 
122.34.175.83 -  -  [27/10/2013:10:30:10 +0000] "GET /solr/fp/admin/ HTTP/1.1" 200 3887 
122.34.175.83 -  -  [27/10/2013:10:30:10 +0000] "GET /solr/fp/admin/solr-admin.css HTTP/1.1" 304 0 
122.34.175.83 -  -  [27/10/2013:10:30:10 +0000] "GET /solr/fp/admin/solr_small.png HTTP/1.1" 304 0 
122.34.175.83 -  -  [27/10/2013:10:30:14 +0000] "GET /solr/fp/admin/ HTTP/1.1" 200 3887 
122.34.175.83 -  -  [27/10/2013:10:30:14 +0000] "GET /solr/fp/admin/solr-admin.css HTTP/1.1" 304 0 
122.34.175.83 -  -  [27/10/2013:10:30:14 +0000] "GET /solr/fp/admin/solr_small.png HTTP/1.1" 304 0 
122.34.175.83 -  -  [27/10/2013:10:30:20 +0000] "GET /solr/fp/admin/stats.xsl HTTP/1.1" 200 6517 
122.34.175.83 -  -  [27/10/2013:10:30:19 +0000] "GET /solr/fp/admin/stats.jsp HTTP/1.1" 200 34069 
122.34.175.83 -  -  [27/10/2013:10:30:29 +0000] "GET /solr/fp/select/?q=solr&version=2.2&start=0&rows=10&indent=on HTTP/1.1" 200 376 
122.34.175.83 -  -  [27/10/2013:10:30:40 +0000] "GET /solr/fp/select/?q=2145&version=2.2&start=0&rows=10&indent=on HTTP/1.1" 200 376 
122.34.175.83 -  -  [27/10/2013:10:30:45 +0000] "GET /solr/fp/select/?q=1&version=2.2&start=0&rows=10&indent=on HTTP/1.1" 200 373 
122.34.175.83 -  -  [27/10/2013:10:30:52 +0000] "GET /solr/fp/select/?q=a&version=2.2&start=0&rows=10&indent=on HTTP/1.1" 200 373 
122.34.175.83 -  -  [27/10/2013:10:31:02 +0000] "GET /solr/fp/admin/form.jsp HTTP/1.1" 200 3135 
122.34.175.83 -  -  [27/10/2013:10:31:24 +0000] "GET /solr/fp/select/?q=0%2B0&version=2.2&start=0&rows=10&indent=on HTTP/1.1" 200 375 
0:0:0:0:0:0:0:1 -  -  [27/10/2013:10:32:14 +0000] "POST /solr/fp/select HTTP/1.1" 200 842 
0:0:0:0:0:0:0:1 -  -  [27/10/2013:10:32:14 +0000] "POST /solr/fp/select HTTP/1.1" 200 588 
0:0:0:0:0:0:0:1 -  -  [27/10/2013:10:32:50 +0000] "POST /solr/fp/select HTTP/1.1" 200 842 
0:0:0:0:0:0:0:1 -  -  [27/10/2013:10:32:50 +0000] "POST /solr/fp/select HTTP/1.1" 200 588 
0:0:0:0:0:0:0:1 -  -  [27/10/2013:10:32:56 +0000] "POST /solr/fp/select HTTP/1.1" 200 838 
0:0:0:0:0:0:0:1 -  -  [27/10/2013:10:33:00 +0000] "POST /solr/fp/select HTTP/1.1" 200 842 
0:0:0:0:0:0:0:1 -  -  [27/10/2013:10:33:00 +0000] "POST /solr/fp/select HTTP/1.1" 200 588 
0:0:0:0:0:0:0:1 -  -  [27/10/2013:10:34:17 +0000] "POST /solr/fp/select HTTP/1.1" 200 842 
0:0:0:0:0:0:0:1 -  -  [27/10/2013:10:34:17 +0000] "POST /solr/fp/select HTTP/1.1" 200 588 
0:0:0:0:0:0:0:1 -  -  [27/10/2013:10:34:29 +0000] "POST /solr/fp/select HTTP/1.1" 200 842 
0:0:0:0:0:0:0:1 -  -  [27/10/2013:10:34:29 +0000] "POST /solr/fp/select HTTP/1.1" 200 588 
0:0:0:0:0:0:0:1 -  -  [27/10/2013:10:35:15 +0000] "POST /solr/fp/select HTTP/1.1" 200 842 
0:0:0:0:0:0:0:1 -  -  [27/10/2013:10:35:15 +0000] "POST /solr/fp/select HTTP/1.1" 200 588 
0:0:0:0:0:0:0:1 -  -  [27/10/2013:10:35:19 +0000] "POST /solr/fp/update HTTP/1.1" 200 147 
0:0:0:0:0:0:0:1 -  -  [27/10/2013:10:35:19 +0000] "POST /solr/fp/update HTTP/1.1" 200 148 
0:0:0:0:0:0:0:1 -  -  [27/10/2013:10:35:21 +0000] "POST /solr/fp/update HTTP/1.1" 200 148 
0:0:0:0:0:0:0:1 -  -  [27/10/2013:10:35:21 +0000] "POST /solr/fp/update HTTP/1.1" 200 148 
0:0:0:0:0:0:0:1 -  -  [27/10/2013:10:35:22 +0000] "POST /solr/fp/select HTTP/1.1" 200 842 
0:0:0:0:0:0:0:1 -  -  [27/10/2013:10:35:23 +0000] "POST /solr/fp/select HTTP/1.1" 200 548 
0:0:0:0:0:0:0:1 -  -  [27/10/2013:14:22:48 +0000] "POST /solr/fp/select HTTP/1.1" 200 842 
0:0:0:0:0:0:0:1 -  -  [27/10/2013:14:22:48 +0000] "POST /solr/fp/select HTTP/1.1" 200 548 
0:0:0:0:0:0:0:1 -  -  [27/10/2013:14:23:11 +0000] "POST /solr/fp/select HTTP/1.1" 200 842 
0:0:0:0:0:0:0:1 -  -  [27/10/2013:14:23:11 +0000] "POST /solr/fp/select HTTP/1.1" 200 548 
0:0:0:0:0:0:0:1 -  -  [27/10/2013:14:23:25 +0000] "POST /solr/fp/select HTTP/1.1" 200 842 
0:0:0:0:0:0:0:1 -  -  [27/10/2013:14:23:25 +0000] "POST /solr/fp/select HTTP/1.1" 200 548 
0:0:0:0:0:0:0:1 -  -  [27/10/2013:14:24:06 +0000] "POST /solr/fp/select HTTP/1.1" 200 842 
0:0:0:0:0:0:0:1 -  -  [27/10/2013:14:24:06 +0000] "POST /solr/fp/select HTTP/1.1" 200 588 
0:0:0:0:0:0:0:1 -  -  [27/10/2013:14:24:40 +0000] "POST /solr/fp/select HTTP/1.1" 200 842 
0:0:0:0:0:0:0:1 -  -  [27/10/2013:14:24:40 +0000] "POST /solr/fp/select HTTP/1.1" 200 588 
0:0:0:0:0:0:0:1 -  -  [27/10/2013:14:24:51 +0000] "POST /solr/fp/select HTTP/1.1" 200 842 
0:0:0:0:0:0:0:1 -  -  [27/10/2013:14:24:51 +0000] "POST /solr/fp/select HTTP/1.1" 200 588 
0:0:0:0:0:0:0:1 -  -  [27/10/2013:14:25:01 +0000] "POST /solr/fp/select HTTP/1.1" 200 842 
0:0:0:0:0:0:0:1 -  -  [27/10/2013:14:25:01 +0000] "POST /solr/fp/select HTTP/1.1" 200 588 
0:0:0:0:0:0:0:1 -  -  [27/10/2013:14:25:53 +0000] "POST /solr/fp/select HTTP/1.1" 200 842 
0:0:0:0:0:0:0:1 -  -  [27/10/2013:14:25:54 +0000] "POST /solr/fp/select HTTP/1.1" 200 588 
0:0:0:0:0:0:0:1 -  -  [27/10/2013:14:45:19 +0000] "POST /solr/fp/select HTTP/1.1" 200 842 
0:0:0:0:0:0:0:1 -  -  [27/10/2013:14:45:19 +0000] "POST /solr/fp/select HTTP/1.1" 200 588 
0:0:0:0:0:0:0:1 -  -  [27/10/2013:14:50:19 +0000] "POST /solr/fp/select HTTP/1.1" 200 842 
0:0:0:0:0:0:0:1 -  -  [27/10/2013:14:50:20 +0000] "POST /solr/fp/select HTTP/1.1" 200 588 
0:0:0:0:0:0:0:1 -  -  [27/10/2013:14:51:10 +0000] "POST /solr/fp/select HTTP/1.1" 200 842 
0:0:0:0:0:0:0:1 -  -  [27/10/2013:14:51:11 +0000] "POST /solr/fp/select HTTP/1.1" 200 588 
0:0:0:0:0:0:0:1 -  -  [27/10/2013:19:51:31 +0000] "POST /solr/fp/select HTTP/1.1" 200 833 
0:0:0:0:0:0:0:1 -  -  [27/10/2013:19:52:41 +0000] "POST /solr/fp/select HTTP/1.1" 200 833 
0:0:0:0:0:0:0:1 -  -  [27/10/2013:19:52:53 +0000] "POST /solr/fp/select HTTP/1.1" 200 833 
0:0:0:0:0:0:0:1 -  -  [27/10/2013:19:53:11 +0000] "POST /solr/fp/select HTTP/1.1" 200 830 
0:0:0:0:0:0:0:1 -  -  [27/10/2013:19:53:11 +0000] "POST /solr/fp/select HTTP/1.1" 200 588 
0:0:0:0:0:0:0:1 -  -  [27/10/2013:19:53:58 +0000] "POST /solr/fp/select HTTP/1.1" 200 830 
0:0:0:0:0:0:0:1 -  -  [27/10/2013:19:53:58 +0000] "POST /solr/fp/select HTTP/1.1" 200 588 
0:0:0:0:0:0:0:1 -  -  [27/10/2013:19:55:29 +0000] "POST /solr/fp/select HTTP/1.1" 200 830 
0:0:0:0:0:0:0:1 -  -  [27/10/2013:19:55:29 +0000] "POST /solr/fp/select HTTP/1.1" 200 588 
0:0:0:0:0:0:0:1 -  -  [27/10/2013:19:55:57 +0000] "POST /solr/fp/select HTTP/1.1" 200 830 
0:0:0:0:0:0:0:1 -  -  [27/10/2013:19:55:57 +0000] "POST /solr/fp/select HTTP/1.1" 200 588 
0:0:0:0:0:0:0:1 -  -  [27/10/2013:19:56:48 +0000] "POST /solr/fp/select HTTP/1.1" 200 830 
0:0:0:0:0:0:0:1 -  -  [27/10/2013:19:56:48 +0000] "POST /solr/fp/select HTTP/1.1" 200 588 
0:0:0:0:0:0:0:1 -  -  [27/10/2013:19:57:05 +0000] "POST /solr/fp/select HTTP/1.1" 200 830 
0:0:0:0:0:0:0:1 -  -  [27/10/2013:19:57:05 +0000] "POST /solr/fp/select HTTP/1.1" 200 588 
0:0:0:0:0:0:0:1 -  -  [27/10/2013:19:57:15 +0000] "POST /solr/fp/select HTTP/1.1" 200 830 
0:0:0:0:0:0:0:1 -  -  [27/10/2013:19:57:15 +0000] "POST /solr/fp/select HTTP/1.1" 200 588 
0:0:0:0:0:0:0:1 -  -  [27/10/2013:19:57:20 +0000] "POST /solr/fp/select HTTP/1.1" 200 832 
0:0:0:0:0:0:0:1 -  -  [27/10/2013:19:57:25 +0000] "POST /solr/fp/select HTTP/1.1" 200 525 
0:0:0:0:0:0:0:1 -  -  [27/10/2013:19:57:42 +0000] "POST /solr/fp/select HTTP/1.1" 200 525 
0:0:0:0:0:0:0:1 -  -  [27/10/2013:19:58:09 +0000] "POST /solr/fp/select HTTP/1.1" 200 525 
0:0:0:0:0:0:0:1 -  -  [27/10/2013:20:00:05 +0000] "POST /solr/fp/select HTTP/1.1" 200 525 
0:0:0:0:0:0:0:1 -  -  [27/10/2013:20:00:15 +0000] "POST /solr/fp/update HTTP/1.1" 200 147 
0:0:0:0:0:0:0:1 -  -  [27/10/2013:20:00:15 +0000] "POST /solr/fp/update HTTP/1.1" 200 148 
0:0:0:0:0:0:0:1 -  -  [27/10/2013:20:00:17 +0000] "POST /solr/fp/update HTTP/1.1" 400 1431 
0:0:0:0:0:0:0:1 -  -  [27/10/2013:20:00:18 +0000] "POST /solr/fp/update HTTP/1.1" 400 1431 
0:0:0:0:0:0:0:1 -  -  [27/10/2013:20:00:19 +0000] "POST /solr/fp/update HTTP/1.1" 400 1431 
0:0:0:0:0:0:0:1 -  -  [27/10/2013:20:00:20 +0000] "POST /solr/fp/update HTTP/1.1" 400 1431 
0:0:0:0:0:0:0:1 -  -  [27/10/2013:20:00:23 +0000] "POST /solr/fp/select HTTP/1.1" 200 423 
0:0:0:0:0:0:0:1 -  -  [27/10/2013:20:01:24 +0000] "POST /solr/fp/update HTTP/1.1" 400 1431 
0:0:0:0:0:0:0:1 -  -  [27/10/2013:20:01:25 +0000] "POST /solr/fp/update HTTP/1.1" 400 1431 
0:0:0:0:0:0:0:1 -  -  [27/10/2013:20:01:26 +0000] "POST /solr/fp/update HTTP/1.1" 400 1431 
0:0:0:0:0:0:0:1 -  -  [27/10/2013:20:01:29 +0000] "POST /solr/fp/select HTTP/1.1" 200 423 
0:0:0:0:0:0:0:1 -  -  [27/10/2013:20:01:29 +0000] "POST /solr/fp/update HTTP/1.1" 200 147 
0:0:0:0:0:0:0:1 -  -  [27/10/2013:20:01:29 +0000] "POST /solr/fp/update HTTP/1.1" 200 147 
0:0:0:0:0:0:0:1 -  -  [27/10/2013:20:06:04 +0000] "POST /solr/fp/update HTTP/1.1" 200 149 
0:0:0:0:0:0:0:1 -  -  [27/10/2013:20:06:04 +0000] "POST /solr/fp/update HTTP/1.1" 200 148 
0:0:0:0:0:0:0:1 -  -  [27/10/2013:20:06:06 +0000] "POST /solr/fp/select HTTP/1.1" 500 3672 
0:0:0:0:0:0:0:1 -  -  [27/10/2013:20:06:07 +0000] "POST /solr/fp/select HTTP/1.1" 500 3672 
0:0:0:0:0:0:0:1 -  -  [27/10/2013:20:06:08 +0000] "POST /solr/fp/select HTTP/1.1" 500 3672 
0:0:0:0:0:0:0:1 -  -  [27/10/2013:20:06:10 +0000] "POST /solr/fp/select HTTP/1.1" 500 3672 
0:0:0:0:0:0:0:1 -  -  [27/10/2013:20:06:11 +0000] "POST /solr/fp/update HTTP/1.1" 200 147 
0:0:0:0:0:0:0:1 -  -  [27/10/2013:20:06:11 +0000] "POST /solr/fp/update HTTP/1.1" 200 148 
0:0:0:0:0:0:0:1 -  -  [27/10/2013:20:06:25 +0000] "POST /solr/fp/update HTTP/1.1" 400 1415 
0:0:0:0:0:0:0:1 -  -  [27/10/2013:20:06:26 +0000] "POST /solr/fp/update HTTP/1.1" 400 1415 
0:0:0:0:0:0:0:1 -  -  [27/10/2013:20:06:27 +0000] "POST /solr/fp/update HTTP/1.1" 400 1415 
0:0:0:0:0:0:0:1 -  -  [27/10/2013:20:06:28 +0000] "POST /solr/fp/update HTTP/1.1" 400 1415 
0:0:0:0:0:0:0:1 -  -  [27/10/2013:20:06:31 +0000] "POST /solr/fp/select HTTP/1.1" 500 3672 
0:0:0:0:0:0:0:1 -  -  [27/10/2013:20:06:32 +0000] "POST /solr/fp/select HTTP/1.1" 500 3672 
0:0:0:0:0:0:0:1 -  -  [27/10/2013:20:06:33 +0000] "POST /solr/fp/select HTTP/1.1" 500 3672 
0:0:0:0:0:0:0:1 -  -  [27/10/2013:20:06:34 +0000] "POST /solr/fp/select HTTP/1.1" 500 3672 
0:0:0:0:0:0:0:1 -  -  [27/10/2013:20:06:35 +0000] "POST /solr/fp/update HTTP/1.1" 200 147 
0:0:0:0:0:0:0:1 -  -  [27/10/2013:20:06:35 +0000] "POST /solr/fp/update HTTP/1.1" 200 148 
0:0:0:0:0:0:0:1 -  -  [27/10/2013:20:08:45 +0000] "POST /solr/fp/update HTTP/1.1" 200 148 
0:0:0:0:0:0:0:1 -  -  [27/10/2013:20:08:45 +0000] "POST /solr/fp/update HTTP/1.1" 200 148 
0:0:0:0:0:0:0:1 -  -  [27/10/2013:20:08:45 +0000] "POST /solr/fp/update HTTP/1.1" 200 147 
0:0:0:0:0:0:0:1 -  -  [27/10/2013:20:08:45 +0000] "POST /solr/fp/update HTTP/1.1" 200 148 
0:0:0:0:0:0:0:1 -  -  [27/10/2013:20:08:45 +0000] "POST /solr/fp/update HTTP/1.1" 200 147 
0:0:0:0:0:0:0:1 -  -  [27/10/2013:20:08:45 +0000] "POST /solr/fp/update HTTP/1.1" 200 148 
0:0:0:0:0:0:0:1 -  -  [27/10/2013:20:08:45 +0000] "POST /solr/fp/update HTTP/1.1" 200 147 
0:0:0:0:0:0:0:1 -  -  [27/10/2013:20:08:45 +0000] "POST /solr/fp/update HTTP/1.1" 200 148 
0:0:0:0:0:0:0:1 -  -  [27/10/2013:20:08:45 +0000] "POST /solr/fp/update HTTP/1.1" 200 147 
0:0:0:0:0:0:0:1 -  -  [27/10/2013:20:08:45 +0000] "POST /solr/fp/update HTTP/1.1" 200 148 
0:0:0:0:0:0:0:1 -  -  [27/10/2013:20:08:45 +0000] "POST /solr/fp/update HTTP/1.1" 200 147 
0:0:0:0:0:0:0:1 -  -  [27/10/2013:20:08:45 +0000] "POST /solr/fp/update HTTP/1.1" 200 148 
0:0:0:0:0:0:0:1 -  -  [27/10/2013:20:08:45 +0000] "POST /solr/fp/update HTTP/1.1" 200 147 
0:0:0:0:0:0:0:1 -  -  [27/10/2013:20:08:45 +0000] "POST /solr/fp/update HTTP/1.1" 200 148 
0:0:0:0:0:0:0:1 -  -  [27/10/2013:20:08:45 +0000] "POST /solr/fp/update HTTP/1.1" 200 147 
0:0:0:0:0:0:0:1 -  -  [27/10/2013:20:08:45 +0000] "POST /solr/fp/update HTTP/1.1" 200 148 
0:0:0:0:0:0:0:1 -  -  [27/10/2013:20:08:45 +0000] "POST /solr/fp/update HTTP/1.1" 200 147 
0:0:0:0:0:0:0:1 -  -  [27/10/2013:20:08:45 +0000] "POST /solr/fp/update HTTP/1.1" 200 148 
